<?xml version="1.0" encoding="UTF-8"?>
<testsuite name="com.pluralsight.jacket.services.test.JacketEntryServiceOnRepositoryTest" tests="1" skipped="0" failures="0" errors="0" timestamp="2022-02-04T04:06:53" hostname="DESKTOP-KOBU9QU" time="0.001">
  <properties/>
  <testcase name="shouldReturnAllEntries" classname="com.pluralsight.jacket.services.test.JacketEntryServiceOnRepositoryTest" time="0.001"/>
  <system-out><![CDATA[]]></system-out>
  <system-err><![CDATA[]]></system-err>
</testsuite>
