<?xml version="1.0" encoding="UTF-8"?>
<testsuite name="com.pluralsight.security.TestResizeArray" tests="1" skipped="0" failures="0" errors="0" timestamp="2022-02-04T09:47:34" hostname="DESKTOP-KOBU9QU" time="0.0">
  <properties/>
  <testcase name="testArrayResize" classname="com.pluralsight.security.TestResizeArray" time="0.0"/>
  <system-out><![CDATA[]]></system-out>
  <system-err><![CDATA[]]></system-err>
</testsuite>
