<?xml version="1.0" encoding="UTF-8"?>
<testsuite name="com.pluralsight.security.TestHashRunAndDigestMethod" tests="4" skipped="0" failures="0" errors="0" timestamp="2022-02-04T01:32:20" hostname="DESKTOP-KOBU9QU" time="0.043">
  <properties/>
  <testcase name="testDigestArrayEqualsBaseSize" classname="com.pluralsight.security.TestHashRunAndDigestMethod" time="0.034"/>
  <testcase name="testDigestArrayLessThanBaseSize" classname="com.pluralsight.security.TestHashRunAndDigestMethod" time="0.001"/>
  <testcase name="testDigestArrayGreaterThanBaseSize" classname="com.pluralsight.security.TestHashRunAndDigestMethod" time="0.001"/>
  <testcase name="testRun" classname="com.pluralsight.security.TestHashRunAndDigestMethod" time="0.007"/>
  <system-out><![CDATA[]]></system-out>
  <system-err><![CDATA[]]></system-err>
</testsuite>
