<?xml version="1.0" encoding="UTF-8"?>
<testsuite name="com.pluralsight.security.TestSign" tests="8" skipped="0" failures="0" errors="0" timestamp="2022-02-04T01:32:20" hostname="DESKTOP-KOBU9QU" time="0.08">
  <properties/>
  <testcase name="testParseArgsDefaults" classname="com.pluralsight.security.TestSign" time="0.004"/>
  <testcase name="testLoadPrivateKeyInvalidPassword" classname="com.pluralsight.security.TestSign" time="0.042"/>
  <testcase name="testCreateSignature" classname="com.pluralsight.security.TestSign" time="0.004"/>
  <testcase name="testLoadKeystore" classname="com.pluralsight.security.TestSign" time="0.001"/>
  <testcase name="testSignData" classname="com.pluralsight.security.TestSign" time="0.022"/>
  <testcase name="testVerifyData" classname="com.pluralsight.security.TestSign" time="0.005"/>
  <testcase name="testLoadPrivateKey" classname="com.pluralsight.security.TestSign" time="0.002"/>
  <testcase name="testParseArgs" classname="com.pluralsight.security.TestSign" time="0.0"/>
  <system-out><![CDATA[]]></system-out>
  <system-err><![CDATA[]]></system-err>
</testsuite>
