<?xml version="1.0" encoding="UTF-8"?>
<testsuite name="com.pluralsight.security.TestCreateStreams" tests="1" skipped="0" failures="0" errors="0" timestamp="2022-02-04T10:28:34" hostname="DESKTOP-KOBU9QU" time="0.011">
  <properties/>
  <testcase name="testWhenInputFileDoesExist()" classname="com.pluralsight.security.TestCreateStreams" time="0.011"/>
  <system-out><![CDATA[]]></system-out>
  <system-err><![CDATA[]]></system-err>
</testsuite>
