<?xml version="1.0" encoding="UTF-8"?>
<testsuite name="com.pluralsight.security.TestProperties" tests="1" skipped="0" failures="0" errors="0" timestamp="2022-02-04T04:55:18" hostname="DESKTOP-KOBU9QU" time="0.0">
  <properties/>
  <testcase name="testBytesToHash" classname="com.pluralsight.security.TestProperties" time="0.0"/>
  <system-out><![CDATA[]]></system-out>
  <system-err><![CDATA[]]></system-err>
</testsuite>
